<?xml version="1.0" encoding="UTF-8"?>
<!-- Generated by org.testng.reporters.JUnitXMLReporter -->
<testsuite ignored="0" hostname="LAPTOP-61Q7V37F" failures="0" tests="3" name="Regression" time="22.264" errors="0" timestamp="2023-03-23T10:52:12 WIB">
  <testcase classname="com.thanh.testcases.ForgotPassTest" name="testForgotPassValid" time="3.859"/>
  <testcase classname="com.thanh.testcases.ForgotPassTest" name="testForgotPassInValidWithEmail" time="1.007"/>
  <testcase classname="com.thanh.testcases.ForgotPassTest" name="testForgotPassInValidWithNumber" time="1.018"/>
</testsuite> <!-- Regression -->
