<?xml version="1.0" encoding="UTF-8"?>
<!-- Generated by org.testng.reporters.JUnitXMLReporter -->
<testsuite ignored="0" hostname="LAPTOP-61Q7V37F" failures="0" tests="4" name="Regression" time="21.575" errors="0" timestamp="2023-03-23T10:52:34 WIB">
  <testcase classname="com.thanh.testcases.LoginTest" name="testLogIn" time="2.795"/>
  <testcase classname="com.thanh.testcases.LoginTest" name="testLogInWithEmailInvalid" time="1.835"/>
  <testcase classname="com.thanh.testcases.LoginTest" name="testLogInWithPasswordInvalid" time="1.721"/>
  <testcase classname="com.thanh.testcases.LoginTest" name="testLogOut" time="3.43"/>
</testsuite> <!-- Regression -->
