<?xml version="1.0" encoding="UTF-8"?>
<testsuite xmlns:xsi="http://www.w3.org/2001/XMLSchema-instance" xsi:noNamespaceSchemaLocation="https://maven.apache.org/surefire/maven-surefire-plugin/xsd/surefire-test-report-3.0.xsd" version="3.0" name="TestSuite" time="122.4" tests="9" errors="0" skipped="0" failures="0">
  <properties>
[...]
</properties>
  <testcase name="testForgotPassValid" classname="com.thanh.testcases.ForgotPassTest" time="3.496">
    <system-out><![CDATA[[Configuration] [WARN] Detected a static method [com.thanh.common.BaseTest.createDriver()]. Static configuration methods can cause  unexpected behavior.
[Configuration] [WARN] Detected a static method [com.thanh.common.BaseTest.closeDriver()]. Static configuration methods can cause  unexpected behavior.
[Configuration] [WARN] Detected a static method [com.thanh.common.BaseTest.createDriver()]. Static configuration methods can cause  unexpected behavior.
[Configuration] [WARN] Detected a static method [com.thanh.common.BaseTest.closeDriver()]. Static configuration methods can cause  unexpected behavior.
[Configuration] [WARN] Detected a static method [com.thanh.common.BaseTest.createDriver()]. Static configuration methods can cause  unexpected behavior.
[Configuration] [WARN] Detected a static method [com.thanh.common.BaseTest.closeDriver()]. Static configuration methods can cause  unexpected behavior.
[Configuration] [WARN] Detected a static method [com.thanh.common.BaseTest.createDriver()]. Static configuration methods can cause  unexpected behavior.
[Configuration] [WARN] Detected a static method [com.thanh.common.BaseTest.closeDriver()]. Static configuration methods can cause  unexpected behavior.
[INFO] 23-03-2023 10:51:50 [LogUtils] - Starting Suite: Thu Mar 23 10:51:49 WIB 2023
Load all file properties successfully.
Launching Chrome browser...
Load all file properties successfully.
Load all file properties successfully.
[INFO] 23-03-2023 10:51:53 [LogUtils] - Open URL: https://cms.anhtester.com/login
[INFO] 23-03-2023 10:51:54 [LogUtils] - Click element By.xpath: //a[normalize-space()='Forgot password ?']
[INFO] 23-03-2023 10:51:55 [LogUtils] - Click element By.xpath: //i[@class='la la-close fs-20']
[INFO] 23-03-2023 10:51:55 [LogUtils] - Get text: Forgot password?
[INFO] 23-03-2023 10:51:55 [LogUtils] - Verify equals: Forgot password? and Forgot password?
[INFO] 23-03-2023 10:51:55 [LogUtils] - Set text: tienthanh@email.com on element By.xpath: //input[@id='email']
[INFO] 23-03-2023 10:51:58 [LogUtils] - Click element By.xpath: //button[normalize-space()='Send Password Reset Link']
[INFO] 23-03-2023 10:51:58 [LogUtils] - testForgotPassValid is pass.
]]></system-out>
    <system-err><![CDATA[[main] INFO io.github.bonigarcia.wdm.WebDriverManager - Using chromedriver 111.0.5563.64 (resolved driver for Chrome 111)
[main] INFO io.github.bonigarcia.wdm.WebDriverManager - Exporting webdriver.chrome.driver as C:\Users\FPTSHOP\.cache\selenium\chromedriver\win32\111.0.5563.64\chromedriver.exe
Starting ChromeDriver 111.0.5563.64 (c710e93d5b63b7095afe8c2c17df34408078439d-refs/branch-heads/5563@{#995}) on port 19636
Only local connections are allowed.
Please see https://chromedriver.chromium.org/security-considerations for suggestions on keeping ChromeDriver safe.
ChromeDriver was started successfully.
Mar 23, 2023 10:51:52 AM org.openqa.selenium.devtools.CdpVersionFinder findNearestMatch
WARNING: Unable to find an exact match for CDP version 111, so returning the closest version found: 110
]]></system-err>
  </testcase>
  <testcase name="testForgotPassInValidWithEmail" classname="com.thanh.testcases.ForgotPassTest" time="1.008">
    <system-out><![CDATA[Launching Chrome browser...
[INFO] 23-03-2023 10:52:02 [LogUtils] - Open URL: https://cms.anhtester.com/login
[INFO] 23-03-2023 10:52:03 [LogUtils] - Click element By.xpath: //a[normalize-space()='Forgot password ?']
[INFO] 23-03-2023 10:52:03 [LogUtils] - Click element By.xpath: //i[@class='la la-close fs-20']
[INFO] 23-03-2023 10:52:03 [LogUtils] - Get text: Forgot password?
[INFO] 23-03-2023 10:52:03 [LogUtils] - Verify equals: Forgot password? and Forgot password?
[INFO] 23-03-2023 10:52:03 [LogUtils] - Set text: tienthanhxh123@gmail.com on element By.xpath: //input[@id='email']
[INFO] 23-03-2023 10:52:04 [LogUtils] - Click element By.xpath: //button[normalize-space()='Send Password Reset Link']
[INFO] 23-03-2023 10:52:04 [LogUtils] - Get text: No account exists with this email
[INFO] 23-03-2023 10:52:04 [LogUtils] - Verify equals: No account exists with this email and No account exists with this email
[INFO] 23-03-2023 10:52:04 [LogUtils] - testForgotPassInValidWithEmail is pass.
]]></system-out>
    <system-err><![CDATA[[main] INFO io.github.bonigarcia.wdm.WebDriverManager - Using chromedriver 111.0.5563.64 (resolved driver for Chrome 111)
[main] INFO io.github.bonigarcia.wdm.WebDriverManager - Exporting webdriver.chrome.driver as C:\Users\FPTSHOP\.cache\selenium\chromedriver\win32\111.0.5563.64\chromedriver.exe
Starting ChromeDriver 111.0.5563.64 (c710e93d5b63b7095afe8c2c17df34408078439d-refs/branch-heads/5563@{#995}) on port 18605
Only local connections are allowed.
Please see https://chromedriver.chromium.org/security-considerations for suggestions on keeping ChromeDriver safe.
ChromeDriver was started successfully.
Mar 23, 2023 10:52:01 AM org.openqa.selenium.devtools.CdpVersionFinder findNearestMatch
WARNING: Unable to find an exact match for CDP version 111, so returning the closest version found: 110
]]></system-err>
  </testcase>
  <testcase name="testForgotPassInValidWithNumber" classname="com.thanh.testcases.ForgotPassTest" time="1.015">
    <system-out><![CDATA[Launching Chrome browser...
[INFO] 23-03-2023 10:52:08 [LogUtils] - Open URL: https://cms.anhtester.com/login
[INFO] 23-03-2023 10:52:08 [LogUtils] - Click element By.xpath: //a[normalize-space()='Forgot password ?']
[INFO] 23-03-2023 10:52:09 [LogUtils] - Click element By.xpath: //i[@class='la la-close fs-20']
[INFO] 23-03-2023 10:52:09 [LogUtils] - Get text: Forgot password?
[INFO] 23-03-2023 10:52:09 [LogUtils] - Verify equals: Forgot password? and Forgot password?
[INFO] 23-03-2023 10:52:09 [LogUtils] - Set text: tienthanh123@123 on element By.xpath: //input[@id='email']
[INFO] 23-03-2023 10:52:09 [LogUtils] - Click element By.xpath: //button[normalize-space()='Send Password Reset Link']
[INFO] 23-03-2023 10:52:10 [LogUtils] - Get text: No account exists with this phone number
[INFO] 23-03-2023 10:52:10 [LogUtils] - Verify equals: No account exists with this phone number and No account exists with this phone number
[INFO] 23-03-2023 10:52:10 [LogUtils] - testForgotPassInValidWithNumber is pass.
]]></system-out>
    <system-err><![CDATA[[main] INFO io.github.bonigarcia.wdm.WebDriverManager - Using chromedriver 111.0.5563.64 (resolved driver for Chrome 111)
[main] INFO io.github.bonigarcia.wdm.WebDriverManager - Exporting webdriver.chrome.driver as C:\Users\FPTSHOP\.cache\selenium\chromedriver\win32\111.0.5563.64\chromedriver.exe
Starting ChromeDriver 111.0.5563.64 (c710e93d5b63b7095afe8c2c17df34408078439d-refs/branch-heads/5563@{#995}) on port 12834
Only local connections are allowed.
Please see https://chromedriver.chromium.org/security-considerations for suggestions on keeping ChromeDriver safe.
ChromeDriver was started successfully.
Mar 23, 2023 10:52:07 AM org.openqa.selenium.devtools.CdpVersionFinder findNearestMatch
WARNING: Unable to find an exact match for CDP version 111, so returning the closest version found: 110
]]></system-err>
  </testcase>
  <testcase name="testLogIn" classname="com.thanh.testcases.LoginTest" time="2.795">
    <system-out><![CDATA[[INFO] 23-03-2023 10:52:12 [LogUtils] - Finish Suite: Thu Mar 23 10:52:12 WIB 2023
[INFO] 23-03-2023 10:52:12 [LogUtils] - Starting Suite: Thu Mar 23 10:52:12 WIB 2023
Load all file properties successfully.
Launching Chrome browser...
Load all file properties successfully.
[INFO] 23-03-2023 10:52:14 [LogUtils] - Open URL: https://cms.anhtester.com/login
[INFO] 23-03-2023 10:52:14 [LogUtils] - Set text: tienthanh@email.com on element By.xpath: //input[@id='email']
[INFO] 23-03-2023 10:52:14 [LogUtils] - Set text: 123456 on element By.xpath: //input[@id='password']
[INFO] 23-03-2023 10:52:15 [LogUtils] - Click element By.xpath: //button[normalize-space()='Login']
[INFO] 23-03-2023 10:52:16 [LogUtils] - testLogIn is pass.
]]></system-out>
    <system-err><![CDATA[[main] INFO io.github.bonigarcia.wdm.WebDriverManager - Using chromedriver 111.0.5563.64 (resolved driver for Chrome 111)
[main] INFO io.github.bonigarcia.wdm.WebDriverManager - Exporting webdriver.chrome.driver as C:\Users\FPTSHOP\.cache\selenium\chromedriver\win32\111.0.5563.64\chromedriver.exe
Starting ChromeDriver 111.0.5563.64 (c710e93d5b63b7095afe8c2c17df34408078439d-refs/branch-heads/5563@{#995}) on port 21019
Only local connections are allowed.
Please see https://chromedriver.chromium.org/security-considerations for suggestions on keeping ChromeDriver safe.
ChromeDriver was started successfully.
Mar 23, 2023 10:52:13 AM org.openqa.selenium.devtools.CdpVersionFinder findNearestMatch
WARNING: Unable to find an exact match for CDP version 111, so returning the closest version found: 110
]]></system-err>
  </testcase>
  <testcase name="testLogInWithEmailInvalid" classname="com.thanh.testcases.LoginTest" time="1.836">
    <system-out><![CDATA[Launching Chrome browser...
[INFO] 23-03-2023 10:52:20 [LogUtils] - Open URL: https://cms.anhtester.com/login
[INFO] 23-03-2023 10:52:20 [LogUtils] - Set text: tienthanhxh2000@gmail.com on element By.xpath: //input[@id='email']
[INFO] 23-03-2023 10:52:20 [LogUtils] - Set text: 123456 on element By.xpath: //input[@id='password']
[INFO] 23-03-2023 10:52:21 [LogUtils] - Click element By.xpath: //button[normalize-space()='Login']
[INFO] 23-03-2023 10:52:21 [LogUtils] - Get text: Invalid login credentials
[INFO] 23-03-2023 10:52:21 [LogUtils] - Verify equals: Invalid login credentials and Invalid login credentials
[INFO] 23-03-2023 10:52:21 [LogUtils] - testLogInWithEmailInvalid is pass.
]]></system-out>
    <system-err><![CDATA[[main] INFO io.github.bonigarcia.wdm.WebDriverManager - Using chromedriver 111.0.5563.64 (resolved driver for Chrome 111)
[main] INFO io.github.bonigarcia.wdm.WebDriverManager - Exporting webdriver.chrome.driver as C:\Users\FPTSHOP\.cache\selenium\chromedriver\win32\111.0.5563.64\chromedriver.exe
Starting ChromeDriver 111.0.5563.64 (c710e93d5b63b7095afe8c2c17df34408078439d-refs/branch-heads/5563@{#995}) on port 17042
Only local connections are allowed.
Please see https://chromedriver.chromium.org/security-considerations for suggestions on keeping ChromeDriver safe.
ChromeDriver was started successfully.
Mar 23, 2023 10:52:19 AM org.openqa.selenium.devtools.CdpVersionFinder findNearestMatch
WARNING: Unable to find an exact match for CDP version 111, so returning the closest version found: 110
]]></system-err>
  </testcase>
  <testcase name="testLogInWithPasswordInvalid" classname="com.thanh.testcases.LoginTest" time="1.721">
    <system-out><![CDATA[Launching Chrome browser...
[INFO] 23-03-2023 10:52:24 [LogUtils] - Open URL: https://cms.anhtester.com/login
[INFO] 23-03-2023 10:52:24 [LogUtils] - Set text: tienthanh@email.com on element By.xpath: //input[@id='email']
[INFO] 23-03-2023 10:52:24 [LogUtils] - Set text: 123 on element By.xpath: //input[@id='password']
[INFO] 23-03-2023 10:52:25 [LogUtils] - Click element By.xpath: //button[normalize-space()='Login']
[INFO] 23-03-2023 10:52:25 [LogUtils] - Get text: Invalid login credentials
[INFO] 23-03-2023 10:52:25 [LogUtils] - Verify equals: Invalid login credentials and Invalid login credentials
[INFO] 23-03-2023 10:52:25 [LogUtils] - testLogInWithPasswordInvalid is pass.
]]></system-out>
    <system-err><![CDATA[[main] INFO io.github.bonigarcia.wdm.WebDriverManager - Using chromedriver 111.0.5563.64 (resolved driver for Chrome 111)
[main] INFO io.github.bonigarcia.wdm.WebDriverManager - Exporting webdriver.chrome.driver as C:\Users\FPTSHOP\.cache\selenium\chromedriver\win32\111.0.5563.64\chromedriver.exe
Starting ChromeDriver 111.0.5563.64 (c710e93d5b63b7095afe8c2c17df34408078439d-refs/branch-heads/5563@{#995}) on port 28197
Only local connections are allowed.
Please see https://chromedriver.chromium.org/security-considerations for suggestions on keeping ChromeDriver safe.
ChromeDriver was started successfully.
Mar 23, 2023 10:52:23 AM org.openqa.selenium.devtools.CdpVersionFinder findNearestMatch
WARNING: Unable to find an exact match for CDP version 111, so returning the closest version found: 110
]]></system-err>
  </testcase>
  <testcase name="testLogOut" classname="com.thanh.testcases.LoginTest" time="3.433">
    <system-out><![CDATA[Launching Chrome browser...
[INFO] 23-03-2023 10:52:29 [LogUtils] - Open URL: https://cms.anhtester.com/login
[INFO] 23-03-2023 10:52:29 [LogUtils] - Set text: tienthanh@email.com on element By.xpath: //input[@id='email']
[INFO] 23-03-2023 10:52:29 [LogUtils] - Set text: 123456 on element By.xpath: //input[@id='password']
[INFO] 23-03-2023 10:52:30 [LogUtils] - Click element By.xpath: //button[normalize-space()='Login']
[INFO] 23-03-2023 10:52:31 [LogUtils] - Get text: Clear Cache
[INFO] 23-03-2023 10:52:31 [LogUtils] - Verify equals: Clear Cache and Clear Cache
[INFO] 23-03-2023 10:52:31 [LogUtils] - Click element By.xpath: //span[@class='d-flex align-items-center']
[INFO] 23-03-2023 10:52:32 [LogUtils] - Click element By.xpath: //span[normalize-space()='Logout']
[INFO] 23-03-2023 10:52:32 [LogUtils] - testLogOut is pass.
]]></system-out>
    <system-err><![CDATA[[main] INFO io.github.bonigarcia.wdm.WebDriverManager - Using chromedriver 111.0.5563.64 (resolved driver for Chrome 111)
[main] INFO io.github.bonigarcia.wdm.WebDriverManager - Exporting webdriver.chrome.driver as C:\Users\FPTSHOP\.cache\selenium\chromedriver\win32\111.0.5563.64\chromedriver.exe
Starting ChromeDriver 111.0.5563.64 (c710e93d5b63b7095afe8c2c17df34408078439d-refs/branch-heads/5563@{#995}) on port 24353
Only local connections are allowed.
Please see https://chromedriver.chromium.org/security-considerations for suggestions on keeping ChromeDriver safe.
ChromeDriver was started successfully.
Mar 23, 2023 10:52:28 AM org.openqa.selenium.devtools.CdpVersionFinder findNearestMatch
WARNING: Unable to find an exact match for CDP version 111, so returning the closest version found: 110
]]></system-err>
  </testcase>
  <testcase name="testCategories" classname="com.thanh.testcases.CategoryTest" time="27.344">
    <system-out><![CDATA[[INFO] 23-03-2023 10:52:34 [LogUtils] - Finish Suite: Thu Mar 23 10:52:34 WIB 2023
[INFO] 23-03-2023 10:52:34 [LogUtils] - Starting Suite: Thu Mar 23 10:52:34 WIB 2023
Load all file properties successfully.
Launching Chrome browser...
[INFO] 23-03-2023 10:52:35 [LogUtils] - Open URL: https://cms.anhtester.com/login
[INFO] 23-03-2023 10:52:35 [LogUtils] - Set text: tienthanh@email.com on element By.xpath: //input[@id='email']
[INFO] 23-03-2023 10:52:36 [LogUtils] - Set text: 123456 on element By.xpath: //input[@id='password']
[INFO] 23-03-2023 10:52:36 [LogUtils] - Click element By.xpath: //button[normalize-space()='Login']
[INFO] 23-03-2023 10:52:37 [LogUtils] - Get text: Clear Cache
[INFO] 23-03-2023 10:52:37 [LogUtils] - Verify equals: Clear Cache and Clear Cache
[INFO] 23-03-2023 10:52:37 [LogUtils] - Click element By.xpath: //span[normalize-space()='Products']
[INFO] 23-03-2023 10:52:39 [LogUtils] - Click element By.xpath: //span[normalize-space()='Category']
[INFO] 23-03-2023 10:52:39 [LogUtils] - Check Element Exist: true --- By.xpath: //h1[normalize-space()='All categories']
[INFO] 23-03-2023 10:52:39 [LogUtils] - Get text: All categories
[INFO] 23-03-2023 10:52:41 [LogUtils] - Click element By.xpath: //span[normalize-space()='Add New category']
[INFO] 23-03-2023 10:52:41 [LogUtils] - Get text: Category Information
[INFO] 23-03-2023 10:52:41 [LogUtils] - Verify equals: Category Information and Category Information
[INFO] 23-03-2023 10:52:41 [LogUtils] - Set text: ThanhDT2k Cate on element By.xpath: //input[@id='name']
[INFO] 23-03-2023 10:52:42 [LogUtils] - Click element By.xpath: //label[normalize-space()='Parent Category']/following-sibling::div
[INFO] 23-03-2023 10:52:42 [LogUtils] - Set text: Hoai nhi on element By.xpath: //div[@class='dropdown-menu show']//input[@aria-label='Search']
[INFO] 23-03-2023 10:52:43 [LogUtils] - Set text: 3 on element By.xpath: //input[@id='order_level']
[INFO] 23-03-2023 10:52:44 [LogUtils] - Click element By.xpath: //label[normalize-space()='Type']//following-sibling::div
[INFO] 23-03-2023 10:52:44 [LogUtils] - Click element By.xpath: //span[normalize-space()='Digital']
[INFO] 23-03-2023 10:52:44 [LogUtils] - Click element By.xpath: //label[normalize-space()='Banner (200x200)']/following-sibling::div//div[normalize-space()='Choose File']
[INFO] 23-03-2023 10:52:45 [LogUtils] - Click element By.xpath: //a[normalize-space()='Upload New']
[INFO] 23-03-2023 10:52:45 [LogUtils] - Click element By.xpath: //button[normalize-space()='Browse']
[INFO] 23-03-2023 10:52:51 [LogUtils] - Click element By.xpath: //a[normalize-space()='Select File']
[INFO] 23-03-2023 10:52:51 [LogUtils] - Set text: pilot on element By.xpath: //input[@placeholder='Search your files']
[INFO] 23-03-2023 10:52:53 [LogUtils] - Click element By.xpath: (//div[@class='card-body']//h6//span)[1]
[INFO] 23-03-2023 10:52:54 [LogUtils] - Click element By.xpath: //button[normalize-space()='Add Files']
[INFO] 23-03-2023 10:52:57 [LogUtils] - Set text: Có on element By.xpath: //input[@placeholder='Meta Title']
[INFO] 23-03-2023 10:52:57 [LogUtils] - Set text: Không on element By.xpath: //textarea[@name='meta_description']
[INFO] 23-03-2023 10:52:58 [LogUtils] - Click element By.xpath: //label[normalize-space()='Filtering Attributes']//following-sibling::div
[INFO] 23-03-2023 10:52:58 [LogUtils] - Set text: Size on element By.xpath: //div[@class='dropdown-menu show']//input[@aria-label='Search']
[INFO] 23-03-2023 10:52:59 [LogUtils] - Click element By.xpath: //button[normalize-space()='Save']
[INFO] 23-03-2023 10:52:59 [LogUtils] - Get text: All categories
[INFO] 23-03-2023 10:52:59 [LogUtils] - Verify equals: All categories and All categories
[INFO] 23-03-2023 10:52:59 [LogUtils] - Get text: Categories
[INFO] 23-03-2023 10:52:59 [LogUtils] - Verify equals: Categories and Categories
[INFO] 23-03-2023 10:53:00 [LogUtils] - Set text: ThanhDT2k Cate on element By.xpath: //input[@id='search']
Số dòng tìm thấy: 15
ThanhDT2k Cate - ThanhDT2k Cate
ThanhDT2k Cate - ThanhDT2k Cate
ThanhDT2k Cate - ThanhDT2k Cate
ThanhDT2k Cate - ThanhDT2k Cate
ThanhDT2k Cate - ThanhDT2k Cate
ThanhDT2k Cate - ThanhDT2k Cate
ThanhDT2k Cate - ThanhDT2k Cate
ThanhDT2k Cate - ThanhDT2k Cate
ThanhDT2k Cate - ThanhDT2k Cate
ThanhDT2k Cate - ThanhDT2k Cate
ThanhDT2k Cate - ThanhDT2k Cate
ThanhDT2k Cate - ThanhDT2k Cate
ThanhDT2k Cate - ThanhDT2k Cate
ThanhDT2k Cate - ThanhDT2k Cate
ThanhDT2k Cate - ThanhDT2k Cate
[INFO] 23-03-2023 10:53:06 [LogUtils] - Click element By.xpath: //a[contains(text(),'›')]
Số dòng tìm thấy: 3
ThanhDT2k Cate - ThanhDT2k Cate
ThanhDT2k Cate - ThanhDT2k Cate
ThanhDT2k Cate - ThanhDT2k Cate
[INFO] 23-03-2023 10:53:08 [LogUtils] - testCategories is pass.
]]></system-out>
    <system-err><![CDATA[[main] INFO io.github.bonigarcia.wdm.WebDriverManager - Using chromedriver 111.0.5563.64 (resolved driver for Chrome 111)
[main] INFO io.github.bonigarcia.wdm.WebDriverManager - Exporting webdriver.chrome.driver as C:\Users\FPTSHOP\.cache\selenium\chromedriver\win32\111.0.5563.64\chromedriver.exe
Starting ChromeDriver 111.0.5563.64 (c710e93d5b63b7095afe8c2c17df34408078439d-refs/branch-heads/5563@{#995}) on port 9351
Only local connections are allowed.
Please see https://chromedriver.chromium.org/security-considerations for suggestions on keeping ChromeDriver safe.
ChromeDriver was started successfully.
Mar 23, 2023 10:52:34 AM org.openqa.selenium.devtools.CdpVersionFinder findNearestMatch
WARNING: Unable to find an exact match for CDP version 111, so returning the closest version found: 110
]]></system-err>
  </testcase>
  <testcase name="testProduct" classname="com.thanh.testcases.ProductTest" time="32.815">
    <system-out><![CDATA[[INFO] 23-03-2023 10:53:10 [LogUtils] - Finish Suite: Thu Mar 23 10:53:10 WIB 2023
[INFO] 23-03-2023 10:53:10 [LogUtils] - Starting Suite: Thu Mar 23 10:53:10 WIB 2023
Load all file properties successfully.
Launching Chrome browser...
[INFO] 23-03-2023 10:53:12 [LogUtils] - Open URL: https://cms.anhtester.com/login
[INFO] 23-03-2023 10:53:12 [LogUtils] - Set text: tienthanh@email.com on element By.xpath: //input[@id='email']
[INFO] 23-03-2023 10:53:12 [LogUtils] - Set text: 123456 on element By.xpath: //input[@id='password']
[INFO] 23-03-2023 10:53:13 [LogUtils] - Click element By.xpath: //button[normalize-space()='Login']
[INFO] 23-03-2023 10:53:14 [LogUtils] - Get text: Clear Cache
[INFO] 23-03-2023 10:53:14 [LogUtils] - Verify equals: Clear Cache and Clear Cache
[INFO] 23-03-2023 10:53:14 [LogUtils] - Click element By.xpath: //span[normalize-space()='Products']
[INFO] 23-03-2023 10:53:15 [LogUtils] - Click element By.xpath: //span[normalize-space()='All products']
[INFO] 23-03-2023 10:53:15 [LogUtils] - Check Element Exist: true --- By.xpath: //h1[normalize-space()='All products']
[INFO] 23-03-2023 10:53:16 [LogUtils] - Get text: All products
[INFO] 23-03-2023 10:53:16 [LogUtils] - Get text: Add New Product
[INFO] 23-03-2023 10:53:16 [LogUtils] - Click element By.xpath: //a[@class='btn btn-circle btn-info']//span[contains(text(),'Add New Product')]
[INFO] 23-03-2023 10:53:16 [LogUtils] - Get text: Add New Product
[INFO] 23-03-2023 10:53:17 [LogUtils] - Get text: Product Information
[INFO] 23-03-2023 10:53:17 [LogUtils] - Set text: Thanh Product 04 on element By.xpath: //input[@placeholder='Product Name']
[INFO] 23-03-2023 10:53:17 [LogUtils] - Click element By.xpath: //div[@id='category']//label[@class='col-md-3 col-from-label']//following-sibling::div
[INFO] 23-03-2023 10:53:17 [LogUtils] - Set text: ThanhDT2k Cate on element By.xpath: //div[@class='dropdown-menu show']//input[@aria-label='Search']
[INFO] 23-03-2023 10:53:18 [LogUtils] - Click element By.xpath: //label[normalize-space()='Brand']//following-sibling::div
[INFO] 23-03-2023 10:53:18 [LogUtils] - Set text: Demo brand on element By.xpath: //div[@class='dropdown-menu show']//input[@aria-label='Search']
[INFO] 23-03-2023 10:53:19 [LogUtils] - Set text: KG on element By.xpath: //input[@placeholder='Unit (e.g. KG, Pc etc)']
[INFO] 23-03-2023 10:53:19 [LogUtils] - Click element By.xpath: //input[@name='min_qty']
[INFO] 23-03-2023 10:53:19 [LogUtils] - Set text: 11 on element By.xpath: //input[@name='min_qty']
[INFO] 23-03-2023 10:53:20 [LogUtils] - Click element By.xpath: //label[normalize-space()='Gallery Images (600x600)']//following-sibling::div
[INFO] 23-03-2023 10:53:21 [LogUtils] - Click element By.xpath: //a[normalize-space()='Upload New']
[INFO] 23-03-2023 10:53:21 [LogUtils] - Click element By.xpath: //button[normalize-space()='Browse']
[INFO] 23-03-2023 10:53:27 [LogUtils] - Click element By.xpath: //a[normalize-space()='Select File']
[INFO] 23-03-2023 10:53:27 [LogUtils] - Set text: pilot on element By.xpath: //input[@placeholder='Search your files']
[INFO] 23-03-2023 10:53:28 [LogUtils] - Click element By.xpath: (//div[@class='card-body']//h6//span)[1]
[INFO] 23-03-2023 10:53:29 [LogUtils] - Click element By.xpath: //button[normalize-space()='Add Files']
[INFO] 23-03-2023 10:53:32 [LogUtils] - Click element By.xpath: //div[@class='col-md-1']//span
[INFO] 23-03-2023 10:53:33 [LogUtils] - Click element By.xpath: //input[@value='Colors']//following::button[@title='Nothing selected'][1]
[INFO] 23-03-2023 10:53:33 [LogUtils] - Set text: Black on element By.xpath: //div[@class='dropdown-menu show']//input[@aria-label='Search']
[INFO] 23-03-2023 10:53:35 [LogUtils] - Set text: Green on element By.xpath: //div[@class='dropdown-menu show']//input[@aria-label='Search']
[INFO] 23-03-2023 10:53:37 [LogUtils] - Click element By.xpath: //input[@value='Colors']
[INFO] 23-03-2023 10:53:38 [LogUtils] - Click element By.xpath: //input[@placeholder='Unit price']
[INFO] 23-03-2023 10:53:39 [LogUtils] - Set text: 500000 on element By.xpath: //input[@placeholder='Unit price']
[INFO] 23-03-2023 10:53:39 [LogUtils] - Click element By.xpath: //input[@placeholder='Discount']
[INFO] 23-03-2023 10:53:40 [LogUtils] - Set text: 200000 on element By.xpath: //input[@placeholder='Discount']
[INFO] 23-03-2023 10:53:42 [LogUtils] - Set text: Ti?n Thành on element By.xpath: //input[@placeholder='Meta Title']
[INFO] 23-03-2023 10:53:43 [LogUtils] - Click element By.xpath: //button[normalize-space()='Save & Publish']
[INFO] 23-03-2023 10:53:44 [LogUtils] - Set text: Thanh Product 04 on element By.xpath: //input[@id='search']
Số dòng tìm thấy: 8
Thanh Product 04 - Thanh Product 04
Thanh Product 04 - Thanh Product 04
Thanh Product 04 - Thanh Product 04
Thanh Product 04 - Thanh Product 04
Thanh Product 04 - Thanh Product 04
Thanh Product 04 - Thanh Product 04
Thanh Product 04 - Thanh Product 04
Thanh Product 04 - Thanh Product 04
[INFO] 23-03-2023 10:53:48 [LogUtils] - testProduct is pass.
]]></system-out>
    <system-err><![CDATA[[main] INFO io.github.bonigarcia.wdm.WebDriverManager - Using chromedriver 111.0.5563.64 (resolved driver for Chrome 111)
[main] INFO io.github.bonigarcia.wdm.WebDriverManager - Exporting webdriver.chrome.driver as C:\Users\FPTSHOP\.cache\selenium\chromedriver\win32\111.0.5563.64\chromedriver.exe
Starting ChromeDriver 111.0.5563.64 (c710e93d5b63b7095afe8c2c17df34408078439d-refs/branch-heads/5563@{#995}) on port 29538
Only local connections are allowed.
Please see https://chromedriver.chromium.org/security-considerations for suggestions on keeping ChromeDriver safe.
ChromeDriver was started successfully.
Mar 23, 2023 10:53:11 AM org.openqa.selenium.devtools.CdpVersionFinder findNearestMatch
WARNING: Unable to find an exact match for CDP version 111, so returning the closest version found: 110
]]></system-err>
  </testcase>
</testsuite>